<?xml version="1.0" encoding="UTF-8"?>
<testsuite name="com.dev.study.repository.MemberEmRepositoryTest" tests="1" skipped="0" failures="0" errors="0" timestamp="2021-08-09T08:27:49" hostname="Shin-MacBook.local" time="0.258">
  <properties/>
  <testcase name="notAnnotionSave()" classname="com.dev.study.repository.MemberEmRepositoryTest" time="0.258"/>
  <system-out><![CDATA[17:27:45.748 [Test worker] DEBUG org.springframework.test.context.BootstrapUtils - Instantiating CacheAwareContextLoaderDelegate from class [org.springframework.test.context.cache.DefaultCacheAwareContextLoaderDelegate]
17:27:45.769 [Test worker] DEBUG org.springframework.test.context.BootstrapUtils - Instantiating BootstrapContext using constructor [public org.springframework.test.context.support.DefaultBootstrapContext(java.lang.Class,org.springframework.test.context.CacheAwareContextLoaderDelegate)]
17:27:45.796 [Test worker] DEBUG org.springframework.test.context.BootstrapUtils - Instantiating TestContextBootstrapper for test class [com.dev.study.repository.MemberEmRepositoryTest] from class [org.springframework.boot.test.context.SpringBootTestContextBootstrapper]
17:27:45.813 [Test worker] INFO org.springframework.boot.test.context.SpringBootTestContextBootstrapper - Neither @ContextConfiguration nor @ContextHierarchy found for test class [com.dev.study.repository.MemberEmRepositoryTest], using SpringBootContextLoader
17:27:45.818 [Test worker] DEBUG org.springframework.test.context.support.AbstractContextLoader - Did not detect default resource location for test class [com.dev.study.repository.MemberEmRepositoryTest]: class path resource [com/dev/study/repository/MemberEmRepositoryTest-context.xml] does not exist
17:27:45.823 [Test worker] DEBUG org.springframework.test.context.support.AbstractContextLoader - Did not detect default resource location for test class [com.dev.study.repository.MemberEmRepositoryTest]: class path resource [com/dev/study/repository/MemberEmRepositoryTestContext.groovy] does not exist
17:27:45.823 [Test worker] INFO org.springframework.test.context.support.AbstractContextLoader - Could not detect default resource locations for test class [com.dev.study.repository.MemberEmRepositoryTest]: no resource found for suffixes {-context.xml, Context.groovy}.
17:27:45.824 [Test worker] INFO org.springframework.test.context.support.AnnotationConfigContextLoaderUtils - Could not detect default configuration classes for test class [com.dev.study.repository.MemberEmRepositoryTest]: MemberEmRepositoryTest does not declare any static, non-private, non-final, nested classes annotated with @Configuration.
17:27:45.858 [Test worker] DEBUG org.springframework.test.context.support.ActiveProfilesUtils - Could not find an 'annotation declaring class' for annotation type [org.springframework.test.context.ActiveProfiles] and class [com.dev.study.repository.MemberEmRepositoryTest]
17:27:45.917 [Test worker] DEBUG org.springframework.context.annotation.ClassPathScanningCandidateComponentProvider - Identified candidate component class: file [/Users/jiseobshin/Desktop/jiseob_shin/projects/devStudy/build/classes/java/main/com/dev/study/Application.class]
17:27:45.917 [Test worker] INFO org.springframework.boot.test.context.SpringBootTestContextBootstrapper - Found @SpringBootConfiguration com.dev.study.Application for test class com.dev.study.repository.MemberEmRepositoryTest
17:27:45.994 [Test worker] DEBUG org.springframework.boot.test.context.SpringBootTestContextBootstrapper - @TestExecutionListeners is not present for class [com.dev.study.repository.MemberEmRepositoryTest]: using defaults.
17:27:45.995 [Test worker] INFO org.springframework.boot.test.context.SpringBootTestContextBootstrapper - Loaded default TestExecutionListener class names from location [META-INF/spring.factories]: [org.springframework.boot.test.autoconfigure.restdocs.RestDocsTestExecutionListener, org.springframework.boot.test.autoconfigure.web.client.MockRestServiceServerResetTestExecutionListener, org.springframework.boot.test.autoconfigure.web.servlet.MockMvcPrintOnlyOnFailureTestExecutionListener, org.springframework.boot.test.autoconfigure.web.servlet.WebDriverTestExecutionListener, org.springframework.boot.test.mock.mockito.MockitoTestExecutionListener, org.springframework.boot.test.mock.mockito.ResetMocksTestExecutionListener, org.springframework.test.context.web.ServletTestExecutionListener, org.springframework.test.context.support.DirtiesContextBeforeModesTestExecutionListener, org.springframework.test.context.support.DependencyInjectionTestExecutionListener, org.springframework.test.context.support.DirtiesContextTestExecutionListener, org.springframework.test.context.transaction.TransactionalTestExecutionListener, org.springframework.test.context.jdbc.SqlScriptsTestExecutionListener, org.springframework.test.context.event.EventPublishingTestExecutionListener]
17:27:46.013 [Test worker] INFO org.springframework.boot.test.context.SpringBootTestContextBootstrapper - Using TestExecutionListeners: [org.springframework.test.context.web.ServletTestExecutionListener@3854c4b1, org.springframework.test.context.support.DirtiesContextBeforeModesTestExecutionListener@59f025d3, org.springframework.boot.test.mock.mockito.MockitoTestExecutionListener@2597513, org.springframework.boot.test.autoconfigure.SpringBootDependencyInjectionTestExecutionListener@44b16adf, org.springframework.test.context.support.DirtiesContextTestExecutionListener@5ade4fb4, org.springframework.test.context.transaction.TransactionalTestExecutionListener@2583781, org.springframework.test.context.jdbc.SqlScriptsTestExecutionListener@4b603b34, org.springframework.test.context.event.EventPublishingTestExecutionListener@4c84715, org.springframework.boot.test.autoconfigure.restdocs.RestDocsTestExecutionListener@2c430bd7, org.springframework.boot.test.autoconfigure.web.client.MockRestServiceServerResetTestExecutionListener@6fe4d5e1, org.springframework.boot.test.autoconfigure.web.servlet.MockMvcPrintOnlyOnFailureTestExecutionListener@2517fab2, org.springframework.boot.test.autoconfigure.web.servlet.WebDriverTestExecutionListener@63a1e1ea, org.springframework.boot.test.mock.mockito.ResetMocksTestExecutionListener@578843fa]
17:27:46.016 [Test worker] DEBUG org.springframework.test.context.support.AbstractDirtiesContextTestExecutionListener - Before test class: context [DefaultTestContext@6ee9295f testClass = MemberEmRepositoryTest, testInstance = [null], testMethod = [null], testException = [null], mergedContextConfiguration = [WebMergedContextConfiguration@4ae75a26 testClass = MemberEmRepositoryTest, locations = '{}', classes = '{class com.dev.study.Application}', contextInitializerClasses = '[]', activeProfiles = '{}', propertySourceLocations = '{}', propertySourceProperties = '{org.springframework.boot.test.context.SpringBootTestContextBootstrapper=true}', contextCustomizers = set[org.springframework.boot.test.autoconfigure.properties.PropertyMappingContextCustomizer@0, org.springframework.boot.test.autoconfigure.web.servlet.WebDriverContextCustomizerFactory$Customizer@401fcded, org.springframework.boot.test.context.filter.ExcludeFilterContextCustomizer@58abfa6b, org.springframework.boot.test.json.DuplicateJsonObjectContextCustomizerFactory$DuplicateJsonObjectContextCustomizer@126d706c, org.springframework.boot.test.mock.mockito.MockitoContextCustomizer@0, org.springframework.boot.test.web.client.TestRestTemplateContextCustomizer@60226957], resourceBasePath = 'src/main/webapp', contextLoader = 'org.springframework.boot.test.context.SpringBootContextLoader', parent = [null]], attributes = map['org.springframework.test.context.web.ServletTestExecutionListener.activateListener' -> true]], class annotated with @DirtiesContext [false] with mode [null].
17:27:46.039 [Test worker] DEBUG org.springframework.test.context.support.TestPropertySourceUtils - Adding inlined properties to environment: {spring.jmx.enabled=false, org.springframework.boot.test.context.SpringBootTestContextBootstrapper=true, server.port=-1}

  .   ____          _            __ _ _
 /\\ / ___'_ __ _ _(_)_ __  __ _ \ \ \ \
( ( )\___ | '_ | '_| | '_ \/ _` | \ \ \ \
 \\/  ___)| |_)| | | | | || (_| |  ) ) ) )
  '  |____| .__|_| |_|_| |_\__, | / / / /
 =========|_|==============|___/=/_/_/_/
 :: Spring Boot ::        (v2.2.1.RELEASE)

2021-08-09 17:27:46.437  INFO 21449 --- [    Test worker] c.d.s.repository.MemberEmRepositoryTest  : Starting MemberEmRepositoryTest on Shin-MacBook.local with PID 21449 (started by jiseobshin in /Users/jiseobshin/Desktop/jiseob_shin/projects/devStudy)
2021-08-09 17:27:46.438  INFO 21449 --- [    Test worker] c.d.s.repository.MemberEmRepositoryTest  : No active profile set, falling back to default profiles: default
2021-08-09 17:27:46.906  INFO 21449 --- [    Test worker] .s.d.r.c.RepositoryConfigurationDelegate : Bootstrapping Spring Data repositories in DEFAULT mode.
2021-08-09 17:27:46.964  INFO 21449 --- [    Test worker] .s.d.r.c.RepositoryConfigurationDelegate : Finished Spring Data repository scanning in 45ms. Found 1 repository interfaces.
2021-08-09 17:27:47.233  INFO 21449 --- [    Test worker] trationDelegate$BeanPostProcessorChecker : Bean 'org.springframework.transaction.annotation.ProxyTransactionManagementConfiguration' of type [org.springframework.transaction.annotation.ProxyTransactionManagementConfiguration] is not eligible for getting processed by all BeanPostProcessors (for example: not eligible for auto-proxying)
2021-08-09 17:27:47.618  INFO 21449 --- [    Test worker] o.hibernate.jpa.internal.util.LogHelper  : HHH000204: Processing PersistenceUnitInfo [name: default]
2021-08-09 17:27:47.697  INFO 21449 --- [    Test worker] org.hibernate.Version                    : HHH000412: Hibernate Core {5.4.8.Final}
2021-08-09 17:27:47.838  INFO 21449 --- [    Test worker] o.hibernate.annotations.common.Version   : HCANN000001: Hibernate Commons Annotations {5.1.0.Final}
2021-08-09 17:27:47.936  INFO 21449 --- [    Test worker] com.zaxxer.hikari.HikariDataSource       : HikariPool-1 - Starting...
2021-08-09 17:27:48.143  INFO 21449 --- [    Test worker] com.zaxxer.hikari.HikariDataSource       : HikariPool-1 - Start completed.
2021-08-09 17:27:48.167  INFO 21449 --- [    Test worker] org.hibernate.dialect.Dialect            : HHH000400: Using dialect: org.hibernate.dialect.H2Dialect
2021-08-09 17:27:48.763 DEBUG 21449 --- [    Test worker] org.hibernate.SQL                        : drop table member if exists
2021-08-09 17:27:48.768  INFO 21449 --- [    Test worker] p6spy                                    : #1628497668768 | took 3ms | statement | connection 1| url jdbc:h2:~/test
drop table member if exists
drop table member if exists;
2021-08-09 17:27:48.770 DEBUG 21449 --- [    Test worker] org.hibernate.SQL                        : create table member (member_id bigint generated by default as identity, addr1 varchar(255), addr2 varchar(255), age integer not null, name varchar(255), primary key (member_id))
2021-08-09 17:27:48.773  INFO 21449 --- [    Test worker] p6spy                                    : #1628497668773 | took 2ms | statement | connection 2| url jdbc:h2:~/test
create table member (member_id bigint generated by default as identity, addr1 varchar(255), addr2 varchar(255), age integer not null, name varchar(255), primary key (member_id))
create table member (member_id bigint generated by default as identity, addr1 varchar(255), addr2 varchar(255), age integer not null, name varchar(255), primary key (member_id));
2021-08-09 17:27:48.773  INFO 21449 --- [    Test worker] o.h.e.t.j.p.i.JtaPlatformInitiator       : HHH000490: Using JtaPlatform implementation: [org.hibernate.engine.transaction.jta.platform.internal.NoJtaPlatform]
2021-08-09 17:27:48.780  INFO 21449 --- [    Test worker] j.LocalContainerEntityManagerFactoryBean : Initialized JPA EntityManagerFactory for persistence unit 'default'
2021-08-09 17:27:49.049  WARN 21449 --- [    Test worker] JpaBaseConfiguration$JpaWebConfiguration : spring.jpa.open-in-view is enabled by default. Therefore, database queries may be performed during view rendering. Explicitly configure spring.jpa.open-in-view to disable this warning
2021-08-09 17:27:49.515  INFO 21449 --- [    Test worker] o.s.s.concurrent.ThreadPoolTaskExecutor  : Initializing ExecutorService 'applicationTaskExecutor'
2021-08-09 17:27:49.808  INFO 21449 --- [    Test worker] c.d.s.repository.MemberEmRepositoryTest  : Started MemberEmRepositoryTest in 3.761 seconds (JVM running for 4.662)
2021-08-09 17:27:49.913 DEBUG 21449 --- [    Test worker] org.hibernate.SQL                        : insert into member (member_id, addr1, addr2, age, name) values (null, ?, ?, ?, ?)
2021-08-09 17:27:49.922  INFO 21449 --- [    Test worker] p6spy                                    : #1628497669922 | took 1ms | statement | connection 3| url jdbc:h2:~/test
insert into member (member_id, addr1, addr2, age, name) values (null, ?, ?, ?, ?)
insert into member (member_id, addr1, addr2, age, name) values (null, '경기도 부천시 지양로 158번길 19', '34473', 29, 'Not홍길동');
2021-08-09 17:27:50.036 DEBUG 21449 --- [    Test worker] org.hibernate.SQL                        : select member0_.member_id as member_i1_0_, member0_.addr1 as addr2_0_, member0_.addr2 as addr3_0_, member0_.age as age4_0_, member0_.name as name5_0_ from member member0_ where member0_.member_id=?
2021-08-09 17:27:50.041  INFO 21449 --- [    Test worker] p6spy                                    : #1628497670041 | took 3ms | statement | connection 3| url jdbc:h2:~/test
select member0_.member_id as member_i1_0_, member0_.addr1 as addr2_0_, member0_.addr2 as addr3_0_, member0_.age as age4_0_, member0_.name as name5_0_ from member member0_ where member0_.member_id=?
select member0_.member_id as member_i1_0_, member0_.addr1 as addr2_0_, member0_.addr2 as addr3_0_, member0_.age as age4_0_, member0_.name as name5_0_ from member member0_ where member0_.member_id=1;
com.dev.study.entity.Member@481ea8c4
]]></system-out>
  <system-err><![CDATA[]]></system-err>
</testsuite>
